0 info it worked if it ends with ok
1 verbose cli [ 'C:\\Users\\igor.vladimirskiy\\AppData\\Local\\atom\\app-1.22.0\\resources\\app\\apm\\bin\\node.exe',
1 verbose cli   'C:\\Users\\igor.vladimirskiy\\AppData\\Local\\atom\\app-1.22.0\\resources\\app\\apm\\node_modules\\npm\\bin\\npm-cli.js',
1 verbose cli   'version',
1 verbose cli   'minor',
1 verbose cli   '-m',
1 verbose cli   'Prepare %s release' ]
2 info using npm@3.10.10
3 info using node@v6.9.5
4 info git [ 'status', '--porcelain' ]
5 info lifecycle base16-hover-tune-theme@0.2.0~preversion: base16-hover-tune-theme@0.2.0
6 silly lifecycle base16-hover-tune-theme@0.2.0~preversion: no script for preversion, continuing
7 verbose version.write data { name: 'base16-hover-tune-theme',
7 verbose version.write   theme: 'syntax',
7 verbose version.write   version: '0.2.0',
7 verbose version.write   description: 'Base16 dark theme for Atom with tune for CSS (hover, focus)',
7 verbose version.write   keywords: [ 'base16', 'dark', 'syntax' ],
7 verbose version.write   repository: 'https://github.com/letulip/base16-tomorrow-dark-theme',
7 verbose version.write   license: 'MIT',
7 verbose version.write   engines: { atom: '>0.49.0' } } to package.json
8 info lifecycle base16-hover-tune-theme@0.2.0~version: base16-hover-tune-theme@0.2.0
9 silly lifecycle base16-hover-tune-theme@0.2.0~version: no script for version, continuing
10 info git [ 'add',
10 info git   'C:\\Users\\igor.vladimirskiy\\.atom\\packages\\base16-tune\\package.json' ]
11 info git [ 'commit', '-m', 'Prepare 0.2.0 release' ]
12 info git [ 'tag', 'v0.2.0', '-am', 'Prepare 0.2.0 release' ]
13 verbose stack Error: Command failed: git -c core.longpaths=true tag v0.2.0 -am Prepare 0.2.0 release
13 verbose stack fatal: tag 'v0.2.0' already exists
13 verbose stack
13 verbose stack     at ChildProcess.exithandler (child_process.js:206:12)
13 verbose stack     at emitTwo (events.js:106:13)
13 verbose stack     at ChildProcess.emit (events.js:191:7)
13 verbose stack     at maybeClose (internal/child_process.js:877:16)
13 verbose stack     at Process.ChildProcess._handle.onexit (internal/child_process.js:226:5)
14 verbose cwd C:\Users\igor.vladimirskiy\.atom\packages\base16-tune
15 error Windows_NT 6.1.7601
16 error argv "C:\\Users\\igor.vladimirskiy\\AppData\\Local\\atom\\app-1.22.0\\resources\\app\\apm\\bin\\node.exe" "C:\\Users\\igor.vladimirskiy\\AppData\\Local\\atom\\app-1.22.0\\resources\\app\\apm\\node_modules\\npm\\bin\\npm-cli.js" "version" "minor" "-m" "Prepare %s release"
17 error node v6.9.5
18 error npm  v3.10.10
19 error code 128
20 error Command failed: git -c core.longpaths=true tag v0.2.0 -am Prepare 0.2.0 release
20 error fatal: tag 'v0.2.0' already exists
21 error If you need help, you may report this error at:
21 error     <https://github.com/npm/npm/issues>
22 verbose exit [ 1, true ]
